Determining if the pthread_create exist failed with the following output:
Change Dir: /home/missxa/workspace/nrp_ws/src/cardsflow_gazebo/cmake-build-debug/CMakeFiles/CMakeTmp

Run Build Command:"/usr/bin/make" "cmTC_c236a/fast"
/usr/bin/make -f CMakeFiles/cmTC_c236a.dir/build.make CMakeFiles/cmTC_c236a.dir/build
make[1]: Entering directory '/home/missxa/workspace/nrp_ws/src/cardsflow_gazebo/cmake-build-debug/CMakeFiles/CMakeTmp'
Building C object CMakeFiles/cmTC_c236a.dir/CheckSymbolExists.c.o
/usr/bin/cc    -o CMakeFiles/cmTC_c236a.dir/CheckSymbolExists.c.o   -c /home/missxa/workspace/nrp_ws/src/cardsflow_gazebo/cmake-build-debug/CMakeFiles/CMakeTmp/CheckSymbolExists.c
Linking C executable cmTC_c236a
/opt/clion-2018.3.4/bin/cmake/linux/bin/cmake -E cmake_link_script CMakeFiles/cmTC_c236a.dir/link.txt --verbose=1
/usr/bin/cc      -rdynamic CMakeFiles/cmTC_c236a.dir/CheckSymbolExists.c.o  -o cmTC_c236a 
CMakeFiles/cmTC_c236a.dir/CheckSymbolExists.c.o: In function `main':
CheckSymbolExists.c:(.text+0x1b): undefined reference to `pthread_create'
collect2: error: ld returned 1 exit status
CMakeFiles/cmTC_c236a.dir/build.make:86: recipe for target 'cmTC_c236a' failed
make[1]: *** [cmTC_c236a] Error 1
make[1]: Leaving directory '/home/missxa/workspace/nrp_ws/src/cardsflow_gazebo/cmake-build-debug/CMakeFiles/CMakeTmp'
Makefile:121: recipe for target 'cmTC_c236a/fast' failed
make: *** [cmTC_c236a/fast] Error 2

File /home/missxa/workspace/nrp_ws/src/cardsflow_gazebo/cmake-build-debug/CMakeFiles/CMakeTmp/CheckSymbolExists.c:
/* */
#include <pthread.h>

int main(int argc, char** argv)
{
  (void)argv;
#ifndef pthread_create
  return ((int*)(&pthread_create))[argc];
#else
  (void)argc;
  return 0;
#endif
}

Determining if the function pthread_create exists in the pthreads failed with the following output:
Change Dir: /home/missxa/workspace/nrp_ws/src/cardsflow_gazebo/cmake-build-debug/CMakeFiles/CMakeTmp

Run Build Command:"/usr/bin/make" "cmTC_17826/fast"
/usr/bin/make -f CMakeFiles/cmTC_17826.dir/build.make CMakeFiles/cmTC_17826.dir/build
make[1]: Entering directory '/home/missxa/workspace/nrp_ws/src/cardsflow_gazebo/cmake-build-debug/CMakeFiles/CMakeTmp'
Building C object CMakeFiles/cmTC_17826.dir/CheckFunctionExists.c.o
/usr/bin/cc   -DCHECK_FUNCTION_EXISTS=pthread_create   -o CMakeFiles/cmTC_17826.dir/CheckFunctionExists.c.o   -c /opt/clion-2018.3.4/bin/cmake/linux/share/cmake-3.13/Modules/CheckFunctionExists.c
Linking C executable cmTC_17826
/opt/clion-2018.3.4/bin/cmake/linux/bin/cmake -E cmake_link_script CMakeFiles/cmTC_17826.dir/link.txt --verbose=1
/usr/bin/cc  -DCHECK_FUNCTION_EXISTS=pthread_create    -rdynamic CMakeFiles/cmTC_17826.dir/CheckFunctionExists.c.o  -o cmTC_17826 -lpthreads 
/usr/bin/ld: cannot find -lpthreads
collect2: error: ld returned 1 exit status
CMakeFiles/cmTC_17826.dir/build.make:86: recipe for target 'cmTC_17826' failed
make[1]: *** [cmTC_17826] Error 1
make[1]: Leaving directory '/home/missxa/workspace/nrp_ws/src/cardsflow_gazebo/cmake-build-debug/CMakeFiles/CMakeTmp'
Makefile:121: recipe for target 'cmTC_17826/fast' failed
make: *** [cmTC_17826/fast] Error 2


